<?xml version="1.0" encoding="UTF-8"?>
<!-- Generated by org.testng.reporters.JUnitReportReporter -->
<testsuite hostname="LAPTOP-BNFJ01FM" failures="0" tests="3" name="Test_package.Feb19Testng" time="0.005" errors="0" timestamp="2022-06-19T16:26:16 IST" skipped="0">
  <testcase classname="Test_package.Feb19Testng" name="test3" time="0.001"/>
  <system-out/>
  <testcase classname="Test_package.Feb19Testng" name="test2" time="0.003"/>
  <system-out/>
  <testcase classname="Test_package.Feb19Testng" name="test1" time="0.001"/>
  <system-out/>
</testsuite> <!-- Test_package.Feb19Testng -->
