<?xml version="1.0" encoding="UTF-8"?>
<!-- Generated by org.testng.reporters.JUnitReportReporter -->
<testsuite hostname="LAPTOP-BNFJ01FM" failures="0" tests="4" name="Test_package.TestClass_Annotation" time="0.010" errors="0" timestamp="2022-06-20T23:36:32 IST" skipped="0">
  <testcase classname="Test_package.TestClass_Annotation" name="d04" time="0.002"/>
  <system-out/>
  <testcase classname="Test_package.TestClass_Annotation" name="c03" time="0.001"/>
  <system-out/>
  <testcase classname="Test_package.TestClass_Annotation" name="b02" time="0.003"/>
  <system-out/>
  <testcase classname="Test_package.TestClass_Annotation" name="a01" time="0.004"/>
  <system-out/>
</testsuite> <!-- Test_package.TestClass_Annotation -->
