<?xml version="1.0" encoding="UTF-8"?>
<!-- Generated by org.testng.reporters.JUnitReportReporter -->
<testsuite hostname="LAPTOP-BNFJ01FM" failures="0" tests="8" name="Test_package.TestClass_InvocationCountkeyword" time="0.017" errors="0" timestamp="2022-06-20T23:36:32 IST" skipped="0">
  <testcase classname="Test_package.TestClass_InvocationCountkeyword" name="c03" time="0.002"/>
  <system-out/>
  <testcase classname="Test_package.TestClass_InvocationCountkeyword" name="a01" time="0.001"/>
  <system-out/>
  <testcase classname="Test_package.TestClass_InvocationCountkeyword" name="e05" time="0.001"/>
  <system-out/>
  <testcase classname="Test_package.TestClass_InvocationCountkeyword" name="a01" time="0.005"/>
  <system-out/>
  <testcase classname="Test_package.TestClass_InvocationCountkeyword" name="d04" time="0.001"/>
  <system-out/>
  <testcase classname="Test_package.TestClass_InvocationCountkeyword" name="b02" time="0.004"/>
  <system-out/>
  <testcase classname="Test_package.TestClass_InvocationCountkeyword" name="c03" time="0.001"/>
  <system-out/>
  <testcase classname="Test_package.TestClass_InvocationCountkeyword" name="c03" time="0.002"/>
  <system-out/>
</testsuite> <!-- Test_package.TestClass_InvocationCountkeyword -->
